2025-04-15 03:53:09.825518 - Received CBT.V508.FILE604.PDS from FILE604.XMI 
2025-04-15 03:53:09.827738 - Found $$$#DATE.txt (text/plain) in CBT.V508.FILE604.PDS, moved to PDS/$$$#DATE
2025-04-15 03:53:09.828105 - Found $$NOTE.txt (text/plain) in CBT.V508.FILE604.PDS, moved to PDS/$$NOTE
2025-04-15 03:53:09.828277 - Found $GEN.jcl (text/plain) in CBT.V508.FILE604.PDS, moved to PDS/$GEN
2025-04-15 03:53:09.828448 - Found $TESTS.jcl (text/plain) in CBT.V508.FILE604.PDS, moved to PDS/$TESTS
2025-04-15 03:53:09.828610 - Found #HANOI.txt (text/plain) in CBT.V508.FILE604.PDS, moved to PDS/#HANOI
2025-04-15 03:53:09.828768 - Found #HELLO.txt (text/plain) in CBT.V508.FILE604.PDS, moved to PDS/#HELLO
2025-04-15 03:53:09.828952 - Found #PGM1.txt (text/plain) in CBT.V508.FILE604.PDS, moved to PDS/#PGM1
2025-04-15 03:53:09.829168 - Found #PGM2.txt (text/plain) in CBT.V508.FILE604.PDS, moved to PDS/#PGM2
2025-04-15 03:53:09.829483 - Found #PGM3.txt (text/plain) in CBT.V508.FILE604.PDS, moved to PDS/#PGM3
2025-04-15 03:53:09.829793 - Found #PGM4.txt (text/plain) in CBT.V508.FILE604.PDS, moved to PDS/#PGM4
2025-04-15 03:53:09.830140 - Found #PGM5.txt (text/plain) in CBT.V508.FILE604.PDS, moved to PDS/#PGM5
2025-04-15 03:53:09.830442 - Found #PGM6.txt (text/plain) in CBT.V508.FILE604.PDS, moved to PDS/#PGM6
2025-04-15 03:53:09.830745 - Found #PGM7.txt (text/plain) in CBT.V508.FILE604.PDS, moved to PDS/#PGM7
2025-04-15 03:53:09.831059 - Found #PGM8.txt (text/plain) in CBT.V508.FILE604.PDS, moved to PDS/#PGM8
2025-04-15 03:53:09.831351 - Found #QUINE.txt (text/plain) in CBT.V508.FILE604.PDS, moved to PDS/#QUINE
2025-04-15 03:53:09.831694 - Found #SNOBUG.txt (text/plain) in CBT.V508.FILE604.PDS, moved to PDS/#SNOBUG
2025-04-15 03:53:09.832016 - Found #SNOCOPY.txt (text/plain) in CBT.V508.FILE604.PDS, moved to PDS/#SNOCOPY
2025-04-15 03:53:09.832314 - Found #TRACE.txt (text/plain) in CBT.V508.FILE604.PDS, moved to PDS/#TRACE
2025-04-15 03:53:09.832617 - Found #TRIGRAM.txt (text/plain) in CBT.V508.FILE604.PDS, moved to PDS/#TRIGRAM
2025-04-15 03:53:09.832926 - Found #WANG.txt (text/plain) in CBT.V508.FILE604.PDS, moved to PDS/#WANG
2025-04-15 03:53:09.833163 - Found @FILE604.txt (text/plain) in CBT.V508.FILE604.PDS, moved to PDS/@FILE604
2025-04-15 03:53:09.833495 - Found IHCCOMH2.txt (text/plain) in CBT.V508.FILE604.PDS, moved to PDS/IHCCOMH2
2025-04-15 03:53:09.834108 - Found IHCFCOMH.txt (text/plain) in CBT.V508.FILE604.PDS, moved to PDS/IHCFCOMH
2025-04-15 03:53:09.834786 - Found IHCFCVTH.txt (text/plain) in CBT.V508.FILE604.PDS, moved to PDS/IHCFCVTH
2025-04-15 03:53:09.835353 - Found IHCFIOSH.txt (text/plain) in CBT.V508.FILE604.PDS, moved to PDS/IHCFIOSH
2025-04-15 03:53:09.835670 - Found IHCTRCH.txt (text/plain) in CBT.V508.FILE604.PDS, moved to PDS/IHCTRCH
2025-04-15 03:53:09.835986 - Found IHCUATBL.txt (text/plain) in CBT.V508.FILE604.PDS, moved to PDS/IHCUATBL
2025-04-15 03:53:09.836143 - Found IHCUOPT.txt (text/plain) in CBT.V508.FILE604.PDS, moved to PDS/IHCUOPT
2025-04-15 03:53:09.836970 - Found SNOBOL4O.bin (application/octet-stream) in CBT.V508.FILE604.PDS, moved to PDS/SNOBOL4O
2025-04-15 03:53:09.837736 - Found SNOBOL4X.xmi (application/xmit) in CBT.V508.FILE604.PDS, moved to PDS/SNOBOL4X.xmi
2025-04-15 03:53:09.855581 - Received GRZ027.SNOBOL4.LINKLIB from SNOBOL4X.xmi 
2025-04-15 03:53:09.856823 - Found SNOBOL4.bin (application/octet-stream) in GRZ027.SNOBOL4.LINKLIB, moved to SNOBOL4X/SNOBOL4
2025-04-15 03:53:09.858051 - Found SUBR.txt (text/plain) in CBT.V508.FILE604.PDS, moved to PDS/SUBR
2025-04-15 03:53:09.861437 - Found S4.txt (text/plain) in CBT.V508.FILE604.PDS, moved to PDS/S4
